!SESSION 2016-06-03 19:16:52.382 -----------------------------------------------
eclipse.buildId=4.5.2.M20160212-1500
java.version=1.8.0_92
java.vendor=Oracle Corporation
BootLoader constants: OS=win32, ARCH=x86_64, WS=win32, NL=pt_BR
Framework arguments:  -product org.eclipse.epp.package.java.product
Command-line arguments:  -os win32 -ws win32 -arch x86_64 -product org.eclipse.epp.package.java.product

!ENTRY org.eclipse.egit.ui 2 0 2016-06-03 19:36:09.656
!MESSAGE Warning: The environment variable HOME is not set. The following directory will be used to store the Git
user global configuration and to define the default location to store repositories: 'C:\Users\mauro'. If this is
not correct please set the HOME environment variable and restart Eclipse. Otherwise Git for Windows and
EGit might behave differently since they see different configuration options.
This warning can be switched off on the Team > Git > Confirmations and Warnings preference page.
!SESSION 2016-06-11 19:05:32.910 -----------------------------------------------
eclipse.buildId=4.5.2.M20160212-1500
java.version=1.8.0_92
java.vendor=Oracle Corporation
BootLoader constants: OS=win32, ARCH=x86_64, WS=win32, NL=pt_BR
Framework arguments:  -product org.eclipse.epp.package.java.product
Command-line arguments:  -os win32 -ws win32 -arch x86_64 -product org.eclipse.epp.package.java.product

!ENTRY org.eclipse.egit.ui 2 0 2016-06-11 19:07:52.696
!MESSAGE Warning: The environment variable HOME is not set. The following directory will be used to store the Git
user global configuration and to define the default location to store repositories: 'C:\Users\mauro'. If this is
not correct please set the HOME environment variable and restart Eclipse. Otherwise Git for Windows and
EGit might behave differently since they see different configuration options.
This warning can be switched off on the Team > Git > Confirmations and Warnings preference page.
!SESSION 2016-06-11 19:08:32.675 -----------------------------------------------
eclipse.buildId=4.5.2.M20160212-1500
java.version=1.8.0_92
java.vendor=Oracle Corporation
BootLoader constants: OS=win32, ARCH=x86_64, WS=win32, NL=pt_BR
Framework arguments:  -product org.eclipse.epp.package.java.product
Command-line arguments:  -os win32 -ws win32 -arch x86_64 -product org.eclipse.epp.package.java.product

!ENTRY org.eclipse.egit.ui 2 0 2016-06-11 19:09:11.002
!MESSAGE Warning: The environment variable HOME is not set. The following directory will be used to store the Git
user global configuration and to define the default location to store repositories: 'C:\Users\mauro'. If this is
not correct please set the HOME environment variable and restart Eclipse. Otherwise Git for Windows and
EGit might behave differently since they see different configuration options.
This warning can be switched off on the Team > Git > Confirmations and Warnings preference page.
!SESSION 2016-06-11 19:11:33.237 -----------------------------------------------
eclipse.buildId=4.5.2.M20160212-1500
java.version=1.8.0_92
java.vendor=Oracle Corporation
BootLoader constants: OS=win32, ARCH=x86_64, WS=win32, NL=pt_BR
Framework arguments:  -product org.eclipse.epp.package.java.product
Command-line arguments:  -os win32 -ws win32 -arch x86_64 -product org.eclipse.epp.package.java.product

!ENTRY org.eclipse.egit.ui 2 0 2016-06-11 19:12:28.380
!MESSAGE Warning: The environment variable HOME is not set. The following directory will be used to store the Git
user global configuration and to define the default location to store repositories: 'C:\Users\mauro'. If this is
not correct please set the HOME environment variable and restart Eclipse. Otherwise Git for Windows and
EGit might behave differently since they see different configuration options.
This warning can be switched off on the Team > Git > Confirmations and Warnings preference page.

!ENTRY org.eclipse.equinox.ds 1 0 2016-06-11 19:12:34.693
!MESSAGE Could not bind a reference of component org.eclipse.fx.core.internal.JUtilLoggerFactory. The reference is: Reference[name = registerHandler, interface = java.util.logging.Handler, policy = dynamic, policy-option = greedy, cardinality = 0..n, target = null, bind = registerHandler, unbind = unregisterHandler, updated = null]

!ENTRY org.eclipse.equinox.ds 1 0 2016-06-11 19:13:38.241
!MESSAGE Could not bind a reference of component org.eclipse.fx.ide.css.cssext.ui.internal.DefaultCssExtProvider. The reference is: Reference[name = ICSSExtModelProvider, interface = org.eclipse.fx.ide.css.cssext.ICSSExtModelProvider, policy = dynamic, cardinality = 0..n, target = null, bind = bindCssExtensionModelProvider, unbind = unbindCssExtensionModelProvider]
!SESSION 2016-06-14 11:50:09.989 -----------------------------------------------
eclipse.buildId=4.5.2.M20160212-1500
java.version=1.8.0_92
java.vendor=Oracle Corporation
BootLoader constants: OS=win32, ARCH=x86_64, WS=win32, NL=pt_BR
Framework arguments:  -product org.eclipse.epp.package.java.product
Command-line arguments:  -os win32 -ws win32 -arch x86_64 -product org.eclipse.epp.package.java.product

!ENTRY org.eclipse.equinox.ds 1 0 2016-06-14 11:51:03.371
!MESSAGE Could not bind a reference of component org.eclipse.fx.core.internal.JUtilLoggerFactory. The reference is: Reference[name = registerHandler, interface = java.util.logging.Handler, policy = dynamic, policy-option = greedy, cardinality = 0..n, target = null, bind = registerHandler, unbind = unregisterHandler, updated = null]

!ENTRY org.eclipse.egit.ui 2 0 2016-06-14 11:51:25.303
!MESSAGE Warning: The environment variable HOME is not set. The following directory will be used to store the Git
user global configuration and to define the default location to store repositories: 'C:\Users\mauro'. If this is
not correct please set the HOME environment variable and restart Eclipse. Otherwise Git for Windows and
EGit might behave differently since they see different configuration options.
This warning can be switched off on the Team > Git > Confirmations and Warnings preference page.

!ENTRY org.eclipse.equinox.ds 1 0 2016-06-14 11:51:35.359
!MESSAGE Could not bind a reference of component org.eclipse.fx.ide.css.cssext.ui.internal.DefaultCssExtProvider. The reference is: Reference[name = ICSSExtModelProvider, interface = org.eclipse.fx.ide.css.cssext.ICSSExtModelProvider, policy = dynamic, cardinality = 0..n, target = null, bind = bindCssExtensionModelProvider, unbind = unbindCssExtensionModelProvider]
!SESSION 2016-06-15 10:07:37.138 -----------------------------------------------
eclipse.buildId=4.5.2.M20160212-1500
java.version=1.8.0_92
java.vendor=Oracle Corporation
BootLoader constants: OS=win32, ARCH=x86_64, WS=win32, NL=pt_BR
Framework arguments:  -product org.eclipse.epp.package.java.product
Command-line arguments:  -os win32 -ws win32 -arch x86_64 -product org.eclipse.epp.package.java.product

!ENTRY org.eclipse.equinox.ds 1 0 2016-06-15 10:08:31.332
!MESSAGE Could not bind a reference of component org.eclipse.fx.core.internal.JUtilLoggerFactory. The reference is: Reference[name = registerHandler, interface = java.util.logging.Handler, policy = dynamic, policy-option = greedy, cardinality = 0..n, target = null, bind = registerHandler, unbind = unregisterHandler, updated = null]

!ENTRY org.eclipse.egit.ui 2 0 2016-06-15 10:08:57.943
!MESSAGE Warning: The environment variable HOME is not set. The following directory will be used to store the Git
user global configuration and to define the default location to store repositories: 'C:\Users\mauro'. If this is
not correct please set the HOME environment variable and restart Eclipse. Otherwise Git for Windows and
EGit might behave differently since they see different configuration options.
This warning can be switched off on the Team > Git > Confirmations and Warnings preference page.

!ENTRY org.eclipse.equinox.ds 1 0 2016-06-15 10:09:04.027
!MESSAGE Could not bind a reference of component org.eclipse.fx.ide.css.cssext.ui.internal.DefaultCssExtProvider. The reference is: Reference[name = ICSSExtModelProvider, interface = org.eclipse.fx.ide.css.cssext.ICSSExtModelProvider, policy = dynamic, cardinality = 0..n, target = null, bind = bindCssExtensionModelProvider, unbind = unbindCssExtensionModelProvider]
!SESSION 2016-06-15 10:26:42.507 -----------------------------------------------
eclipse.buildId=4.5.2.M20160212-1500
java.version=1.8.0_92
java.vendor=Oracle Corporation
BootLoader constants: OS=win32, ARCH=x86_64, WS=win32, NL=pt_BR
Framework arguments:  -product org.eclipse.epp.package.java.product
Command-line arguments:  -os win32 -ws win32 -arch x86_64 -product org.eclipse.epp.package.java.product

!ENTRY org.eclipse.equinox.ds 1 0 2016-06-15 10:27:15.128
!MESSAGE Could not bind a reference of component org.eclipse.fx.core.internal.JUtilLoggerFactory. The reference is: Reference[name = registerHandler, interface = java.util.logging.Handler, policy = dynamic, policy-option = greedy, cardinality = 0..n, target = null, bind = registerHandler, unbind = unregisterHandler, updated = null]

!ENTRY org.eclipse.egit.ui 2 0 2016-06-15 10:27:32.997
!MESSAGE Warning: The environment variable HOME is not set. The following directory will be used to store the Git
user global configuration and to define the default location to store repositories: 'C:\Users\mauro'. If this is
not correct please set the HOME environment variable and restart Eclipse. Otherwise Git for Windows and
EGit might behave differently since they see different configuration options.
This warning can be switched off on the Team > Git > Confirmations and Warnings preference page.

!ENTRY org.eclipse.equinox.ds 1 0 2016-06-15 10:27:37.318
!MESSAGE Could not bind a reference of component org.eclipse.fx.ide.css.cssext.ui.internal.DefaultCssExtProvider. The reference is: Reference[name = ICSSExtModelProvider, interface = org.eclipse.fx.ide.css.cssext.ICSSExtModelProvider, policy = dynamic, cardinality = 0..n, target = null, bind = bindCssExtensionModelProvider, unbind = unbindCssExtensionModelProvider]
!SESSION 2016-06-15 12:23:06.219 -----------------------------------------------
eclipse.buildId=4.5.2.M20160212-1500
java.version=1.8.0_92
java.vendor=Oracle Corporation
BootLoader constants: OS=win32, ARCH=x86_64, WS=win32, NL=pt_BR
Framework arguments:  -product org.eclipse.epp.package.java.product
Command-line arguments:  -os win32 -ws win32 -arch x86_64 -product org.eclipse.epp.package.java.product

!ENTRY org.eclipse.equinox.ds 1 0 2016-06-15 12:23:40.033
!MESSAGE Could not bind a reference of component org.eclipse.fx.core.internal.JUtilLoggerFactory. The reference is: Reference[name = registerHandler, interface = java.util.logging.Handler, policy = dynamic, policy-option = greedy, cardinality = 0..n, target = null, bind = registerHandler, unbind = unregisterHandler, updated = null]

!ENTRY org.eclipse.equinox.ds 1 0 2016-06-15 12:24:09.701
!MESSAGE Could not bind a reference of component org.eclipse.fx.ide.css.cssext.ui.internal.DefaultCssExtProvider. The reference is: Reference[name = ICSSExtModelProvider, interface = org.eclipse.fx.ide.css.cssext.ICSSExtModelProvider, policy = dynamic, cardinality = 0..n, target = null, bind = bindCssExtensionModelProvider, unbind = unbindCssExtensionModelProvider]

!ENTRY org.eclipse.egit.ui 2 0 2016-06-15 12:24:49.511
!MESSAGE Warning: The environment variable HOME is not set. The following directory will be used to store the Git
user global configuration and to define the default location to store repositories: 'C:\Users\mauro'. If this is
not correct please set the HOME environment variable and restart Eclipse. Otherwise Git for Windows and
EGit might behave differently since they see different configuration options.
This warning can be switched off on the Team > Git > Confirmations and Warnings preference page.
!SESSION 2016-06-15 12:39:39.750 -----------------------------------------------
eclipse.buildId=4.5.2.M20160212-1500
java.version=1.8.0_92
java.vendor=Oracle Corporation
BootLoader constants: OS=win32, ARCH=x86_64, WS=win32, NL=pt_BR
Framework arguments:  -product org.eclipse.epp.package.java.product
Command-line arguments:  -os win32 -ws win32 -arch x86_64 -product org.eclipse.epp.package.java.product

!ENTRY org.eclipse.equinox.ds 1 0 2016-06-15 12:40:01.531
!MESSAGE Could not bind a reference of component org.eclipse.fx.core.internal.JUtilLoggerFactory. The reference is: Reference[name = registerHandler, interface = java.util.logging.Handler, policy = dynamic, policy-option = greedy, cardinality = 0..n, target = null, bind = registerHandler, unbind = unregisterHandler, updated = null]

!ENTRY org.eclipse.egit.ui 2 0 2016-06-15 12:40:13.078
!MESSAGE Warning: The environment variable HOME is not set. The following directory will be used to store the Git
user global configuration and to define the default location to store repositories: 'C:\Users\mauro'. If this is
not correct please set the HOME environment variable and restart Eclipse. Otherwise Git for Windows and
EGit might behave differently since they see different configuration options.
This warning can be switched off on the Team > Git > Confirmations and Warnings preference page.

!ENTRY org.eclipse.equinox.ds 1 0 2016-06-15 12:40:45.688
!MESSAGE Could not bind a reference of component org.eclipse.fx.ide.css.cssext.ui.internal.DefaultCssExtProvider. The reference is: Reference[name = ICSSExtModelProvider, interface = org.eclipse.fx.ide.css.cssext.ICSSExtModelProvider, policy = dynamic, cardinality = 0..n, target = null, bind = bindCssExtensionModelProvider, unbind = unbindCssExtensionModelProvider]
!SESSION 2016-06-16 07:33:20.808 -----------------------------------------------
eclipse.buildId=4.5.2.M20160212-1500
java.version=1.8.0_92
java.vendor=Oracle Corporation
BootLoader constants: OS=win32, ARCH=x86_64, WS=win32, NL=pt_BR
Framework arguments:  -product org.eclipse.epp.package.java.product
Command-line arguments:  -os win32 -ws win32 -arch x86_64 -product org.eclipse.epp.package.java.product

!ENTRY org.eclipse.equinox.ds 1 0 2016-06-16 07:34:05.943
!MESSAGE Could not bind a reference of component org.eclipse.fx.core.internal.JUtilLoggerFactory. The reference is: Reference[name = registerHandler, interface = java.util.logging.Handler, policy = dynamic, policy-option = greedy, cardinality = 0..n, target = null, bind = registerHandler, unbind = unregisterHandler, updated = null]

!ENTRY org.eclipse.equinox.ds 1 0 2016-06-16 07:34:36.151
!MESSAGE Could not bind a reference of component org.eclipse.fx.ide.css.cssext.ui.internal.DefaultCssExtProvider. The reference is: Reference[name = ICSSExtModelProvider, interface = org.eclipse.fx.ide.css.cssext.ICSSExtModelProvider, policy = dynamic, cardinality = 0..n, target = null, bind = bindCssExtensionModelProvider, unbind = unbindCssExtensionModelProvider]

!ENTRY org.eclipse.egit.ui 2 0 2016-06-16 07:37:35.886
!MESSAGE Warning: The environment variable HOME is not set. The following directory will be used to store the Git
user global configuration and to define the default location to store repositories: 'C:\Users\mauro'. If this is
not correct please set the HOME environment variable and restart Eclipse. Otherwise Git for Windows and
EGit might behave differently since they see different configuration options.
This warning can be switched off on the Team > Git > Confirmations and Warnings preference page.
!SESSION 2016-06-16 16:23:09.768 -----------------------------------------------
eclipse.buildId=4.5.2.M20160212-1500
java.version=1.8.0_92
java.vendor=Oracle Corporation
BootLoader constants: OS=win32, ARCH=x86_64, WS=win32, NL=pt_BR
Framework arguments:  -product org.eclipse.epp.package.java.product
Command-line arguments:  -os win32 -ws win32 -arch x86_64 -product org.eclipse.epp.package.java.product

!ENTRY org.eclipse.equinox.ds 1 0 2016-06-16 16:23:46.140
!MESSAGE Could not bind a reference of component org.eclipse.fx.core.internal.JUtilLoggerFactory. The reference is: Reference[name = registerHandler, interface = java.util.logging.Handler, policy = dynamic, policy-option = greedy, cardinality = 0..n, target = null, bind = registerHandler, unbind = unregisterHandler, updated = null]

!ENTRY org.eclipse.equinox.ds 1 0 2016-06-16 16:24:08.164
!MESSAGE Could not bind a reference of component org.eclipse.fx.ide.css.cssext.ui.internal.DefaultCssExtProvider. The reference is: Reference[name = ICSSExtModelProvider, interface = org.eclipse.fx.ide.css.cssext.ICSSExtModelProvider, policy = dynamic, cardinality = 0..n, target = null, bind = bindCssExtensionModelProvider, unbind = unbindCssExtensionModelProvider]
!SESSION 2016-06-17 08:32:30.876 -----------------------------------------------
eclipse.buildId=4.5.2.M20160212-1500
java.version=1.8.0_92
java.vendor=Oracle Corporation
BootLoader constants: OS=win32, ARCH=x86_64, WS=win32, NL=pt_BR
Framework arguments:  -product org.eclipse.epp.package.java.product
Command-line arguments:  -os win32 -ws win32 -arch x86_64 -product org.eclipse.epp.package.java.product

!ENTRY org.eclipse.equinox.ds 1 0 2016-06-17 08:33:55.991
!MESSAGE Could not bind a reference of component org.eclipse.fx.core.internal.JUtilLoggerFactory. The reference is: Reference[name = registerHandler, interface = java.util.logging.Handler, policy = dynamic, policy-option = greedy, cardinality = 0..n, target = null, bind = registerHandler, unbind = unregisterHandler, updated = null]

!ENTRY org.eclipse.egit.ui 2 0 2016-06-17 08:34:26.703
!MESSAGE Warning: The environment variable HOME is not set. The following directory will be used to store the Git
user global configuration and to define the default location to store repositories: 'C:\Users\mauro'. If this is
not correct please set the HOME environment variable and restart Eclipse. Otherwise Git for Windows and
EGit might behave differently since they see different configuration options.
This warning can be switched off on the Team > Git > Confirmations and Warnings preference page.

!ENTRY org.eclipse.equinox.ds 1 0 2016-06-17 08:34:41.869
!MESSAGE Could not bind a reference of component org.eclipse.fx.ide.css.cssext.ui.internal.DefaultCssExtProvider. The reference is: Reference[name = ICSSExtModelProvider, interface = org.eclipse.fx.ide.css.cssext.ICSSExtModelProvider, policy = dynamic, cardinality = 0..n, target = null, bind = bindCssExtensionModelProvider, unbind = unbindCssExtensionModelProvider]
!SESSION 2016-06-17 10:31:59.108 -----------------------------------------------
eclipse.buildId=4.5.2.M20160212-1500
java.version=1.8.0_92
java.vendor=Oracle Corporation
BootLoader constants: OS=win32, ARCH=x86_64, WS=win32, NL=pt_BR
Framework arguments:  -product org.eclipse.epp.package.java.product
Command-line arguments:  -os win32 -ws win32 -arch x86_64 -product org.eclipse.epp.package.java.product

!ENTRY org.eclipse.equinox.ds 1 0 2016-06-17 10:32:35.952
!MESSAGE Could not bind a reference of component org.eclipse.fx.core.internal.JUtilLoggerFactory. The reference is: Reference[name = registerHandler, interface = java.util.logging.Handler, policy = dynamic, policy-option = greedy, cardinality = 0..n, target = null, bind = registerHandler, unbind = unregisterHandler, updated = null]

!ENTRY org.eclipse.egit.ui 2 0 2016-06-17 10:32:45.765
!MESSAGE Warning: The environment variable HOME is not set. The following directory will be used to store the Git
user global configuration and to define the default location to store repositories: 'C:\Users\mauro'. If this is
not correct please set the HOME environment variable and restart Eclipse. Otherwise Git for Windows and
EGit might behave differently since they see different configuration options.
This warning can be switched off on the Team > Git > Confirmations and Warnings preference page.

!ENTRY org.eclipse.equinox.ds 1 0 2016-06-17 10:33:08.081
!MESSAGE Could not bind a reference of component org.eclipse.fx.ide.css.cssext.ui.internal.DefaultCssExtProvider. The reference is: Reference[name = ICSSExtModelProvider, interface = org.eclipse.fx.ide.css.cssext.ICSSExtModelProvider, policy = dynamic, cardinality = 0..n, target = null, bind = bindCssExtensionModelProvider, unbind = unbindCssExtensionModelProvider]

!ENTRY org.eclipse.ui 4 0 2016-06-17 11:03:55.972
!MESSAGE Unhandled event loop exception
!STACK 0
org.eclipse.swt.SWTException: Failed to execute runnable (java.lang.NullPointerException)
	at org.eclipse.swt.SWT.error(SWT.java:4491)
	at org.eclipse.swt.SWT.error(SWT.java:4406)
	at org.eclipse.swt.widgets.Synchronizer.runAsyncMessages(Synchronizer.java:138)
	at org.eclipse.swt.widgets.Display.runAsyncMessages(Display.java:4155)
	at org.eclipse.swt.widgets.Display.readAndDispatch(Display.java:3772)
	at org.eclipse.e4.ui.internal.workbench.swt.PartRenderingEngine$4.run(PartRenderingEngine.java:1127)
	at org.eclipse.core.databinding.observable.Realm.runWithDefault(Realm.java:337)
	at org.eclipse.e4.ui.internal.workbench.swt.PartRenderingEngine.run(PartRenderingEngine.java:1018)
	at org.eclipse.e4.ui.internal.workbench.E4Workbench.createAndRunUI(E4Workbench.java:156)
	at org.eclipse.ui.internal.Workbench$5.run(Workbench.java:694)
	at org.eclipse.core.databinding.observable.Realm.runWithDefault(Realm.java:337)
	at org.eclipse.ui.internal.Workbench.createAndRunWorkbench(Workbench.java:606)
	at org.eclipse.ui.PlatformUI.createAndRunWorkbench(PlatformUI.java:150)
	at org.eclipse.ui.internal.ide.application.IDEApplication.start(IDEApplication.java:139)
	at org.eclipse.equinox.internal.app.EclipseAppHandle.run(EclipseAppHandle.java:196)
	at org.eclipse.core.runtime.internal.adaptor.EclipseAppLauncher.runApplication(EclipseAppLauncher.java:134)
	at org.eclipse.core.runtime.internal.adaptor.EclipseAppLauncher.start(EclipseAppLauncher.java:104)
	at org.eclipse.core.runtime.adaptor.EclipseStarter.run(EclipseStarter.java:380)
	at org.eclipse.core.runtime.adaptor.EclipseStarter.run(EclipseStarter.java:235)
	at sun.reflect.NativeMethodAccessorImpl.invoke0(Native Method)
	at sun.reflect.NativeMethodAccessorImpl.invoke(Unknown Source)
	at sun.reflect.DelegatingMethodAccessorImpl.invoke(Unknown Source)
	at java.lang.reflect.Method.invoke(Unknown Source)
	at org.eclipse.equinox.launcher.Main.invokeFramework(Main.java:669)
	at org.eclipse.equinox.launcher.Main.basicRun(Main.java:608)
	at org.eclipse.equinox.launcher.Main.run(Main.java:1515)
Caused by: java.lang.NullPointerException
	at org.eclipse.ui.part.PageBookView.showPageRec(PageBookView.java:994)
	at org.eclipse.ui.internal.console.ConsoleView.showPageRec(ConsoleView.java:164)
	at org.eclipse.ui.part.PageBookView.partActivated(PageBookView.java:773)
	at org.eclipse.ui.internal.console.ConsoleView$4.run(ConsoleView.java:398)
	at org.eclipse.swt.widgets.RunnableLock.run(RunnableLock.java:35)
	at org.eclipse.swt.widgets.Synchronizer.runAsyncMessages(Synchronizer.java:135)
	... 23 more

!ENTRY org.eclipse.ui 4 4 2016-06-17 11:03:56.422
!MESSAGE An internal error has occurred.
!STACK 0
java.lang.NullPointerException
	at org.eclipse.ui.part.PageBookView.showPageRec(PageBookView.java:994)
	at org.eclipse.ui.internal.console.ConsoleView.showPageRec(ConsoleView.java:164)
	at org.eclipse.ui.part.PageBookView.partActivated(PageBookView.java:773)
	at org.eclipse.ui.internal.console.ConsoleView.display(ConsoleView.java:505)
	at org.eclipse.ui.internal.console.ConsoleManager$ShowConsoleViewJob.runInUIThread(ConsoleManager.java:313)
	at org.eclipse.ui.progress.UIJob$1.run(UIJob.java:97)
	at org.eclipse.swt.widgets.RunnableLock.run(RunnableLock.java:35)
	at org.eclipse.swt.widgets.Synchronizer.runAsyncMessages(Synchronizer.java:135)
	at org.eclipse.swt.widgets.Display.runAsyncMessages(Display.java:4155)
	at org.eclipse.swt.widgets.Display.readAndDispatch(Display.java:3772)
	at org.eclipse.e4.ui.internal.workbench.swt.PartRenderingEngine$4.run(PartRenderingEngine.java:1127)
	at org.eclipse.core.databinding.observable.Realm.runWithDefault(Realm.java:337)
	at org.eclipse.e4.ui.internal.workbench.swt.PartRenderingEngine.run(PartRenderingEngine.java:1018)
	at org.eclipse.e4.ui.internal.workbench.E4Workbench.createAndRunUI(E4Workbench.java:156)
	at org.eclipse.ui.internal.Workbench$5.run(Workbench.java:694)
	at org.eclipse.core.databinding.observable.Realm.runWithDefault(Realm.java:337)
	at org.eclipse.ui.internal.Workbench.createAndRunWorkbench(Workbench.java:606)
	at org.eclipse.ui.PlatformUI.createAndRunWorkbench(PlatformUI.java:150)
	at org.eclipse.ui.internal.ide.application.IDEApplication.start(IDEApplication.java:139)
	at org.eclipse.equinox.internal.app.EclipseAppHandle.run(EclipseAppHandle.java:196)
	at org.eclipse.core.runtime.internal.adaptor.EclipseAppLauncher.runApplication(EclipseAppLauncher.java:134)
	at org.eclipse.core.runtime.internal.adaptor.EclipseAppLauncher.start(EclipseAppLauncher.java:104)
	at org.eclipse.core.runtime.adaptor.EclipseStarter.run(EclipseStarter.java:380)
	at org.eclipse.core.runtime.adaptor.EclipseStarter.run(EclipseStarter.java:235)
	at sun.reflect.NativeMethodAccessorImpl.invoke0(Native Method)
	at sun.reflect.NativeMethodAccessorImpl.invoke(Unknown Source)
	at sun.reflect.DelegatingMethodAccessorImpl.invoke(Unknown Source)
	at java.lang.reflect.Method.invoke(Unknown Source)
	at org.eclipse.equinox.launcher.Main.invokeFramework(Main.java:669)
	at org.eclipse.equinox.launcher.Main.basicRun(Main.java:608)
	at org.eclipse.equinox.launcher.Main.run(Main.java:1515)

!ENTRY org.eclipse.ui 4 0 2016-06-17 11:23:00.995
!MESSAGE Unhandled event loop exception
!STACK 0
org.eclipse.swt.SWTException: Failed to execute runnable (java.lang.NullPointerException)
	at org.eclipse.swt.SWT.error(SWT.java:4491)
	at org.eclipse.swt.SWT.error(SWT.java:4406)
	at org.eclipse.swt.widgets.Synchronizer.runAsyncMessages(Synchronizer.java:138)
	at org.eclipse.swt.widgets.Display.runAsyncMessages(Display.java:4155)
	at org.eclipse.swt.widgets.Display.readAndDispatch(Display.java:3772)
	at org.eclipse.e4.ui.internal.workbench.swt.PartRenderingEngine$4.run(PartRenderingEngine.java:1127)
	at org.eclipse.core.databinding.observable.Realm.runWithDefault(Realm.java:337)
	at org.eclipse.e4.ui.internal.workbench.swt.PartRenderingEngine.run(PartRenderingEngine.java:1018)
	at org.eclipse.e4.ui.internal.workbench.E4Workbench.createAndRunUI(E4Workbench.java:156)
	at org.eclipse.ui.internal.Workbench$5.run(Workbench.java:694)
	at org.eclipse.core.databinding.observable.Realm.runWithDefault(Realm.java:337)
	at org.eclipse.ui.internal.Workbench.createAndRunWorkbench(Workbench.java:606)
	at org.eclipse.ui.PlatformUI.createAndRunWorkbench(PlatformUI.java:150)
	at org.eclipse.ui.internal.ide.application.IDEApplication.start(IDEApplication.java:139)
	at org.eclipse.equinox.internal.app.EclipseAppHandle.run(EclipseAppHandle.java:196)
	at org.eclipse.core.runtime.internal.adaptor.EclipseAppLauncher.runApplication(EclipseAppLauncher.java:134)
	at org.eclipse.core.runtime.internal.adaptor.EclipseAppLauncher.start(EclipseAppLauncher.java:104)
	at org.eclipse.core.runtime.adaptor.EclipseStarter.run(EclipseStarter.java:380)
	at org.eclipse.core.runtime.adaptor.EclipseStarter.run(EclipseStarter.java:235)
	at sun.reflect.NativeMethodAccessorImpl.invoke0(Native Method)
	at sun.reflect.NativeMethodAccessorImpl.invoke(Unknown Source)
	at sun.reflect.DelegatingMethodAccessorImpl.invoke(Unknown Source)
	at java.lang.reflect.Method.invoke(Unknown Source)
	at org.eclipse.equinox.launcher.Main.invokeFramework(Main.java:669)
	at org.eclipse.equinox.launcher.Main.basicRun(Main.java:608)
	at org.eclipse.equinox.launcher.Main.run(Main.java:1515)
Caused by: java.lang.NullPointerException
	at org.eclipse.ui.part.PageBookView.showPageRec(PageBookView.java:994)
	at org.eclipse.ui.internal.console.ConsoleView.showPageRec(ConsoleView.java:164)
	at org.eclipse.ui.part.PageBookView.partActivated(PageBookView.java:773)
	at org.eclipse.ui.internal.console.ConsoleView$4.run(ConsoleView.java:398)
	at org.eclipse.swt.widgets.RunnableLock.run(RunnableLock.java:35)
	at org.eclipse.swt.widgets.Synchronizer.runAsyncMessages(Synchronizer.java:135)
	... 23 more

!ENTRY org.eclipse.ui 4 4 2016-06-17 11:23:01.466
!MESSAGE An internal error has occurred.
!STACK 0
java.lang.NullPointerException
	at org.eclipse.ui.part.PageBookView.showPageRec(PageBookView.java:994)
	at org.eclipse.ui.internal.console.ConsoleView.showPageRec(ConsoleView.java:164)
	at org.eclipse.ui.part.PageBookView.partActivated(PageBookView.java:773)
	at org.eclipse.ui.internal.console.ConsoleView.display(ConsoleView.java:505)
	at org.eclipse.ui.internal.console.ConsoleManager$ShowConsoleViewJob.runInUIThread(ConsoleManager.java:313)
	at org.eclipse.ui.progress.UIJob$1.run(UIJob.java:97)
	at org.eclipse.swt.widgets.RunnableLock.run(RunnableLock.java:35)
	at org.eclipse.swt.widgets.Synchronizer.runAsyncMessages(Synchronizer.java:135)
	at org.eclipse.swt.widgets.Display.runAsyncMessages(Display.java:4155)
	at org.eclipse.swt.widgets.Display.readAndDispatch(Display.java:3772)
	at org.eclipse.e4.ui.internal.workbench.swt.PartRenderingEngine$4.run(PartRenderingEngine.java:1127)
	at org.eclipse.core.databinding.observable.Realm.runWithDefault(Realm.java:337)
	at org.eclipse.e4.ui.internal.workbench.swt.PartRenderingEngine.run(PartRenderingEngine.java:1018)
	at org.eclipse.e4.ui.internal.workbench.E4Workbench.createAndRunUI(E4Workbench.java:156)
	at org.eclipse.ui.internal.Workbench$5.run(Workbench.java:694)
	at org.eclipse.core.databinding.observable.Realm.runWithDefault(Realm.java:337)
	at org.eclipse.ui.internal.Workbench.createAndRunWorkbench(Workbench.java:606)
	at org.eclipse.ui.PlatformUI.createAndRunWorkbench(PlatformUI.java:150)
	at org.eclipse.ui.internal.ide.application.IDEApplication.start(IDEApplication.java:139)
	at org.eclipse.equinox.internal.app.EclipseAppHandle.run(EclipseAppHandle.java:196)
	at org.eclipse.core.runtime.internal.adaptor.EclipseAppLauncher.runApplication(EclipseAppLauncher.java:134)
	at org.eclipse.core.runtime.internal.adaptor.EclipseAppLauncher.start(EclipseAppLauncher.java:104)
	at org.eclipse.core.runtime.adaptor.EclipseStarter.run(EclipseStarter.java:380)
	at org.eclipse.core.runtime.adaptor.EclipseStarter.run(EclipseStarter.java:235)
	at sun.reflect.NativeMethodAccessorImpl.invoke0(Native Method)
	at sun.reflect.NativeMethodAccessorImpl.invoke(Unknown Source)
	at sun.reflect.DelegatingMethodAccessorImpl.invoke(Unknown Source)
	at java.lang.reflect.Method.invoke(Unknown Source)
	at org.eclipse.equinox.launcher.Main.invokeFramework(Main.java:669)
	at org.eclipse.equinox.launcher.Main.basicRun(Main.java:608)
	at org.eclipse.equinox.launcher.Main.run(Main.java:1515)

!ENTRY org.eclipse.ui 4 0 2016-06-17 11:23:43.463
!MESSAGE Unhandled event loop exception
!STACK 0
org.eclipse.swt.SWTException: Failed to execute runnable (java.lang.NullPointerException)
	at org.eclipse.swt.SWT.error(SWT.java:4491)
	at org.eclipse.swt.SWT.error(SWT.java:4406)
	at org.eclipse.swt.widgets.Synchronizer.runAsyncMessages(Synchronizer.java:138)
	at org.eclipse.swt.widgets.Display.runAsyncMessages(Display.java:4155)
	at org.eclipse.swt.widgets.Display.readAndDispatch(Display.java:3772)
	at org.eclipse.e4.ui.internal.workbench.swt.PartRenderingEngine$4.run(PartRenderingEngine.java:1127)
	at org.eclipse.core.databinding.observable.Realm.runWithDefault(Realm.java:337)
	at org.eclipse.e4.ui.internal.workbench.swt.PartRenderingEngine.run(PartRenderingEngine.java:1018)
	at org.eclipse.e4.ui.internal.workbench.E4Workbench.createAndRunUI(E4Workbench.java:156)
	at org.eclipse.ui.internal.Workbench$5.run(Workbench.java:694)
	at org.eclipse.core.databinding.observable.Realm.runWithDefault(Realm.java:337)
	at org.eclipse.ui.internal.Workbench.createAndRunWorkbench(Workbench.java:606)
	at org.eclipse.ui.PlatformUI.createAndRunWorkbench(PlatformUI.java:150)
	at org.eclipse.ui.internal.ide.application.IDEApplication.start(IDEApplication.java:139)
	at org.eclipse.equinox.internal.app.EclipseAppHandle.run(EclipseAppHandle.java:196)
	at org.eclipse.core.runtime.internal.adaptor.EclipseAppLauncher.runApplication(EclipseAppLauncher.java:134)
	at org.eclipse.core.runtime.internal.adaptor.EclipseAppLauncher.start(EclipseAppLauncher.java:104)
	at org.eclipse.core.runtime.adaptor.EclipseStarter.run(EclipseStarter.java:380)
	at org.eclipse.core.runtime.adaptor.EclipseStarter.run(EclipseStarter.java:235)
	at sun.reflect.NativeMethodAccessorImpl.invoke0(Native Method)
	at sun.reflect.NativeMethodAccessorImpl.invoke(Unknown Source)
	at sun.reflect.DelegatingMethodAccessorImpl.invoke(Unknown Source)
	at java.lang.reflect.Method.invoke(Unknown Source)
	at org.eclipse.equinox.launcher.Main.invokeFramework(Main.java:669)
	at org.eclipse.equinox.launcher.Main.basicRun(Main.java:608)
	at org.eclipse.equinox.launcher.Main.run(Main.java:1515)
Caused by: java.lang.NullPointerException
	at org.eclipse.ui.part.PageBookView.showPageRec(PageBookView.java:994)
	at org.eclipse.ui.internal.console.ConsoleView.showPageRec(ConsoleView.java:164)
	at org.eclipse.ui.part.PageBookView.partActivated(PageBookView.java:773)
	at org.eclipse.ui.internal.console.ConsoleView$4.run(ConsoleView.java:398)
	at org.eclipse.swt.widgets.RunnableLock.run(RunnableLock.java:35)
	at org.eclipse.swt.widgets.Synchronizer.runAsyncMessages(Synchronizer.java:135)
	... 23 more

!ENTRY org.eclipse.ui 4 4 2016-06-17 11:23:43.870
!MESSAGE An internal error has occurred.
!STACK 0
java.lang.NullPointerException
	at org.eclipse.ui.part.PageBookView.showPageRec(PageBookView.java:994)
	at org.eclipse.ui.internal.console.ConsoleView.showPageRec(ConsoleView.java:164)
	at org.eclipse.ui.part.PageBookView.partActivated(PageBookView.java:773)
	at org.eclipse.ui.internal.console.ConsoleView.display(ConsoleView.java:505)
	at org.eclipse.ui.internal.console.ConsoleManager$ShowConsoleViewJob.runInUIThread(ConsoleManager.java:313)
	at org.eclipse.ui.progress.UIJob$1.run(UIJob.java:97)
	at org.eclipse.swt.widgets.RunnableLock.run(RunnableLock.java:35)
	at org.eclipse.swt.widgets.Synchronizer.runAsyncMessages(Synchronizer.java:135)
	at org.eclipse.swt.widgets.Display.runAsyncMessages(Display.java:4155)
	at org.eclipse.swt.widgets.Display.readAndDispatch(Display.java:3772)
	at org.eclipse.e4.ui.internal.workbench.swt.PartRenderingEngine$4.run(PartRenderingEngine.java:1127)
	at org.eclipse.core.databinding.observable.Realm.runWithDefault(Realm.java:337)
	at org.eclipse.e4.ui.internal.workbench.swt.PartRenderingEngine.run(PartRenderingEngine.java:1018)
	at org.eclipse.e4.ui.internal.workbench.E4Workbench.createAndRunUI(E4Workbench.java:156)
	at org.eclipse.ui.internal.Workbench$5.run(Workbench.java:694)
	at org.eclipse.core.databinding.observable.Realm.runWithDefault(Realm.java:337)
	at org.eclipse.ui.internal.Workbench.createAndRunWorkbench(Workbench.java:606)
	at org.eclipse.ui.PlatformUI.createAndRunWorkbench(PlatformUI.java:150)
	at org.eclipse.ui.internal.ide.application.IDEApplication.start(IDEApplication.java:139)
	at org.eclipse.equinox.internal.app.EclipseAppHandle.run(EclipseAppHandle.java:196)
	at org.eclipse.core.runtime.internal.adaptor.EclipseAppLauncher.runApplication(EclipseAppLauncher.java:134)
	at org.eclipse.core.runtime.internal.adaptor.EclipseAppLauncher.start(EclipseAppLauncher.java:104)
	at org.eclipse.core.runtime.adaptor.EclipseStarter.run(EclipseStarter.java:380)
	at org.eclipse.core.runtime.adaptor.EclipseStarter.run(EclipseStarter.java:235)
	at sun.reflect.NativeMethodAccessorImpl.invoke0(Native Method)
	at sun.reflect.NativeMethodAccessorImpl.invoke(Unknown Source)
	at sun.reflect.DelegatingMethodAccessorImpl.invoke(Unknown Source)
	at java.lang.reflect.Method.invoke(Unknown Source)
	at org.eclipse.equinox.launcher.Main.invokeFramework(Main.java:669)
	at org.eclipse.equinox.launcher.Main.basicRun(Main.java:608)
	at org.eclipse.equinox.launcher.Main.run(Main.java:1515)

!ENTRY org.eclipse.ui 4 0 2016-06-17 11:24:05.349
!MESSAGE Unhandled event loop exception
!STACK 0
org.eclipse.swt.SWTException: Failed to execute runnable (java.lang.NullPointerException)
	at org.eclipse.swt.SWT.error(SWT.java:4491)
	at org.eclipse.swt.SWT.error(SWT.java:4406)
	at org.eclipse.swt.widgets.Synchronizer.runAsyncMessages(Synchronizer.java:138)
	at org.eclipse.swt.widgets.Display.runAsyncMessages(Display.java:4155)
	at org.eclipse.swt.widgets.Display.readAndDispatch(Display.java:3772)
	at org.eclipse.e4.ui.internal.workbench.swt.PartRenderingEngine$4.run(PartRenderingEngine.java:1127)
	at org.eclipse.core.databinding.observable.Realm.runWithDefault(Realm.java:337)
	at org.eclipse.e4.ui.internal.workbench.swt.PartRenderingEngine.run(PartRenderingEngine.java:1018)
	at org.eclipse.e4.ui.internal.workbench.E4Workbench.createAndRunUI(E4Workbench.java:156)
	at org.eclipse.ui.internal.Workbench$5.run(Workbench.java:694)
	at org.eclipse.core.databinding.observable.Realm.runWithDefault(Realm.java:337)
	at org.eclipse.ui.internal.Workbench.createAndRunWorkbench(Workbench.java:606)
	at org.eclipse.ui.PlatformUI.createAndRunWorkbench(PlatformUI.java:150)
	at org.eclipse.ui.internal.ide.application.IDEApplication.start(IDEApplication.java:139)
	at org.eclipse.equinox.internal.app.EclipseAppHandle.run(EclipseAppHandle.java:196)
	at org.eclipse.core.runtime.internal.adaptor.EclipseAppLauncher.runApplication(EclipseAppLauncher.java:134)
	at org.eclipse.core.runtime.internal.adaptor.EclipseAppLauncher.start(EclipseAppLauncher.java:104)
	at org.eclipse.core.runtime.adaptor.EclipseStarter.run(EclipseStarter.java:380)
	at org.eclipse.core.runtime.adaptor.EclipseStarter.run(EclipseStarter.java:235)
	at sun.reflect.NativeMethodAccessorImpl.invoke0(Native Method)
	at sun.reflect.NativeMethodAccessorImpl.invoke(Unknown Source)
	at sun.reflect.DelegatingMethodAccessorImpl.invoke(Unknown Source)
	at java.lang.reflect.Method.invoke(Unknown Source)
	at org.eclipse.equinox.launcher.Main.invokeFramework(Main.java:669)
	at org.eclipse.equinox.launcher.Main.basicRun(Main.java:608)
	at org.eclipse.equinox.launcher.Main.run(Main.java:1515)
Caused by: java.lang.NullPointerException
	at org.eclipse.ui.part.PageBookView.showPageRec(PageBookView.java:994)
	at org.eclipse.ui.internal.console.ConsoleView.showPageRec(ConsoleView.java:164)
	at org.eclipse.ui.part.PageBookView.partActivated(PageBookView.java:773)
	at org.eclipse.ui.internal.console.ConsoleView$4.run(ConsoleView.java:398)
	at org.eclipse.swt.widgets.RunnableLock.run(RunnableLock.java:35)
	at org.eclipse.swt.widgets.Synchronizer.runAsyncMessages(Synchronizer.java:135)
	... 23 more

!ENTRY org.eclipse.ui 4 4 2016-06-17 11:24:05.817
!MESSAGE An internal error has occurred.
!STACK 0
java.lang.NullPointerException
	at org.eclipse.ui.part.PageBookView.showPageRec(PageBookView.java:994)
	at org.eclipse.ui.internal.console.ConsoleView.showPageRec(ConsoleView.java:164)
	at org.eclipse.ui.part.PageBookView.partActivated(PageBookView.java:773)
	at org.eclipse.ui.internal.console.ConsoleView.display(ConsoleView.java:505)
	at org.eclipse.ui.internal.console.ConsoleManager$ShowConsoleViewJob.runInUIThread(ConsoleManager.java:313)
	at org.eclipse.ui.progress.UIJob$1.run(UIJob.java:97)
	at org.eclipse.swt.widgets.RunnableLock.run(RunnableLock.java:35)
	at org.eclipse.swt.widgets.Synchronizer.runAsyncMessages(Synchronizer.java:135)
	at org.eclipse.swt.widgets.Display.runAsyncMessages(Display.java:4155)
	at org.eclipse.swt.widgets.Display.readAndDispatch(Display.java:3772)
	at org.eclipse.e4.ui.internal.workbench.swt.PartRenderingEngine$4.run(PartRenderingEngine.java:1127)
	at org.eclipse.core.databinding.observable.Realm.runWithDefault(Realm.java:337)
	at org.eclipse.e4.ui.internal.workbench.swt.PartRenderingEngine.run(PartRenderingEngine.java:1018)
	at org.eclipse.e4.ui.internal.workbench.E4Workbench.createAndRunUI(E4Workbench.java:156)
	at org.eclipse.ui.internal.Workbench$5.run(Workbench.java:694)
	at org.eclipse.core.databinding.observable.Realm.runWithDefault(Realm.java:337)
	at org.eclipse.ui.internal.Workbench.createAndRunWorkbench(Workbench.java:606)
	at org.eclipse.ui.PlatformUI.createAndRunWorkbench(PlatformUI.java:150)
	at org.eclipse.ui.internal.ide.application.IDEApplication.start(IDEApplication.java:139)
	at org.eclipse.equinox.internal.app.EclipseAppHandle.run(EclipseAppHandle.java:196)
	at org.eclipse.core.runtime.internal.adaptor.EclipseAppLauncher.runApplication(EclipseAppLauncher.java:134)
	at org.eclipse.core.runtime.internal.adaptor.EclipseAppLauncher.start(EclipseAppLauncher.java:104)
	at org.eclipse.core.runtime.adaptor.EclipseStarter.run(EclipseStarter.java:380)
	at org.eclipse.core.runtime.adaptor.EclipseStarter.run(EclipseStarter.java:235)
	at sun.reflect.NativeMethodAccessorImpl.invoke0(Native Method)
	at sun.reflect.NativeMethodAccessorImpl.invoke(Unknown Source)
	at sun.reflect.DelegatingMethodAccessorImpl.invoke(Unknown Source)
	at java.lang.reflect.Method.invoke(Unknown Source)
	at org.eclipse.equinox.launcher.Main.invokeFramework(Main.java:669)
	at org.eclipse.equinox.launcher.Main.basicRun(Main.java:608)
	at org.eclipse.equinox.launcher.Main.run(Main.java:1515)
!SESSION 2016-06-17 11:24:17.516 -----------------------------------------------
eclipse.buildId=4.5.2.M20160212-1500
java.version=1.8.0_92
java.vendor=Oracle Corporation
BootLoader constants: OS=win32, ARCH=x86_64, WS=win32, NL=pt_BR
Framework arguments:  -product org.eclipse.epp.package.java.product
Command-line arguments:  -os win32 -ws win32 -arch x86_64 -product org.eclipse.epp.package.java.product

!ENTRY org.eclipse.equinox.ds 1 0 2016-06-17 11:24:38.190
!MESSAGE Could not bind a reference of component org.eclipse.fx.core.internal.JUtilLoggerFactory. The reference is: Reference[name = registerHandler, interface = java.util.logging.Handler, policy = dynamic, policy-option = greedy, cardinality = 0..n, target = null, bind = registerHandler, unbind = unregisterHandler, updated = null]

!ENTRY org.eclipse.egit.ui 2 0 2016-06-17 11:24:48.788
!MESSAGE Warning: The environment variable HOME is not set. The following directory will be used to store the Git
user global configuration and to define the default location to store repositories: 'C:\Users\mauro'. If this is
not correct please set the HOME environment variable and restart Eclipse. Otherwise Git for Windows and
EGit might behave differently since they see different configuration options.
This warning can be switched off on the Team > Git > Confirmations and Warnings preference page.

!ENTRY org.eclipse.equinox.ds 1 0 2016-06-17 11:25:04.863
!MESSAGE Could not bind a reference of component org.eclipse.fx.ide.css.cssext.ui.internal.DefaultCssExtProvider. The reference is: Reference[name = ICSSExtModelProvider, interface = org.eclipse.fx.ide.css.cssext.ICSSExtModelProvider, policy = dynamic, cardinality = 0..n, target = null, bind = bindCssExtensionModelProvider, unbind = unbindCssExtensionModelProvider]
!SESSION 2016-06-17 14:16:50.342 -----------------------------------------------
eclipse.buildId=4.5.2.M20160212-1500
java.version=1.8.0_92
java.vendor=Oracle Corporation
BootLoader constants: OS=win32, ARCH=x86_64, WS=win32, NL=pt_BR
Framework arguments:  -product org.eclipse.epp.package.java.product
Command-line arguments:  -os win32 -ws win32 -arch x86_64 -product org.eclipse.epp.package.java.product

!ENTRY org.eclipse.equinox.ds 1 0 2016-06-17 14:17:34.038
!MESSAGE Could not bind a reference of component org.eclipse.fx.core.internal.JUtilLoggerFactory. The reference is: Reference[name = registerHandler, interface = java.util.logging.Handler, policy = dynamic, policy-option = greedy, cardinality = 0..n, target = null, bind = registerHandler, unbind = unregisterHandler, updated = null]

!ENTRY org.eclipse.egit.ui 2 0 2016-06-17 14:17:47.804
!MESSAGE Warning: The environment variable HOME is not set. The following directory will be used to store the Git
user global configuration and to define the default location to store repositories: 'C:\Users\mauro'. If this is
not correct please set the HOME environment variable and restart Eclipse. Otherwise Git for Windows and
EGit might behave differently since they see different configuration options.
This warning can be switched off on the Team > Git > Confirmations and Warnings preference page.

!ENTRY org.eclipse.equinox.ds 1 0 2016-06-17 14:17:59.789
!MESSAGE Could not bind a reference of component org.eclipse.fx.ide.css.cssext.ui.internal.DefaultCssExtProvider. The reference is: Reference[name = ICSSExtModelProvider, interface = org.eclipse.fx.ide.css.cssext.ICSSExtModelProvider, policy = dynamic, cardinality = 0..n, target = null, bind = bindCssExtensionModelProvider, unbind = unbindCssExtensionModelProvider]
!SESSION 2016-06-18 15:28:03.175 -----------------------------------------------
eclipse.buildId=4.5.2.M20160212-1500
java.version=1.8.0_92
java.vendor=Oracle Corporation
BootLoader constants: OS=win32, ARCH=x86_64, WS=win32, NL=pt_BR
Framework arguments:  -product org.eclipse.epp.package.java.product
Command-line arguments:  -os win32 -ws win32 -arch x86_64 -product org.eclipse.epp.package.java.product

!ENTRY org.eclipse.equinox.ds 1 0 2016-06-18 15:29:11.275
!MESSAGE Could not bind a reference of component org.eclipse.fx.core.internal.JUtilLoggerFactory. The reference is: Reference[name = registerHandler, interface = java.util.logging.Handler, policy = dynamic, policy-option = greedy, cardinality = 0..n, target = null, bind = registerHandler, unbind = unregisterHandler, updated = null]

!ENTRY org.eclipse.egit.ui 2 0 2016-06-18 15:29:28.588
!MESSAGE Warning: The environment variable HOME is not set. The following directory will be used to store the Git
user global configuration and to define the default location to store repositories: 'C:\Users\mauro'. If this is
not correct please set the HOME environment variable and restart Eclipse. Otherwise Git for Windows and
EGit might behave differently since they see different configuration options.
This warning can be switched off on the Team > Git > Confirmations and Warnings preference page.

!ENTRY org.eclipse.equinox.ds 1 0 2016-06-18 15:29:41.270
!MESSAGE Could not bind a reference of component org.eclipse.fx.ide.css.cssext.ui.internal.DefaultCssExtProvider. The reference is: Reference[name = ICSSExtModelProvider, interface = org.eclipse.fx.ide.css.cssext.ICSSExtModelProvider, policy = dynamic, cardinality = 0..n, target = null, bind = bindCssExtensionModelProvider, unbind = unbindCssExtensionModelProvider]

!ENTRY org.eclipse.ui 4 0 2016-06-18 16:36:00.449
!MESSAGE Unhandled event loop exception
!STACK 0
java.lang.IllegalArgumentException: Argument cannot be null
	at org.eclipse.swt.SWT.error(SWT.java:4472)
	at org.eclipse.swt.SWT.error(SWT.java:4406)
	at org.eclipse.swt.SWT.error(SWT.java:4377)
	at org.eclipse.swt.widgets.Display.error(Display.java:1258)
	at org.eclipse.swt.widgets.Display.removeFilter(Display.java:4074)
	at org.eclipse.ui.internal.Workbench.shutdown(Workbench.java:3214)
	at org.eclipse.ui.internal.Workbench.busyClose(Workbench.java:1201)
	at org.eclipse.ui.internal.Workbench.access$22(Workbench.java:1113)
	at org.eclipse.ui.internal.Workbench$19.run(Workbench.java:1454)
	at org.eclipse.swt.custom.BusyIndicator.showWhile(BusyIndicator.java:70)
	at org.eclipse.ui.internal.Workbench.close(Workbench.java:1451)
	at org.eclipse.ui.internal.Workbench.close(Workbench.java:1424)
	at org.eclipse.ui.internal.Workbench$58.handleEvent(Workbench.java:2946)
	at org.eclipse.swt.widgets.EventTable.sendEvent(EventTable.java:84)
	at org.eclipse.swt.widgets.Display.sendEvent(Display.java:4362)
	at org.eclipse.swt.widgets.Display.sendEvent(Display.java:4354)
	at org.eclipse.swt.widgets.Display.messageProc(Display.java:3313)
	at org.eclipse.swt.internal.win32.OS.DefWindowProcW(Native Method)
	at org.eclipse.swt.internal.win32.OS.DefWindowProc(OS.java:2544)
	at org.eclipse.swt.widgets.Shell.callWindowProc(Shell.java:498)
	at org.eclipse.swt.widgets.Control.windowProc(Control.java:4774)
	at org.eclipse.swt.widgets.Canvas.windowProc(Canvas.java:339)
	at org.eclipse.swt.widgets.Decorations.windowProc(Decorations.java:1633)
	at org.eclipse.swt.widgets.Shell.windowProc(Shell.java:2117)
	at org.eclipse.swt.widgets.Display.windowProc(Display.java:5063)
	at org.eclipse.swt.internal.win32.OS.PeekMessageW(Native Method)
	at org.eclipse.swt.internal.win32.OS.PeekMessage(OS.java:3141)
	at org.eclipse.swt.widgets.Display.readAndDispatch(Display.java:3764)
	at org.eclipse.e4.ui.internal.workbench.swt.PartRenderingEngine$4.run(PartRenderingEngine.java:1127)
	at org.eclipse.core.databinding.observable.Realm.runWithDefault(Realm.java:337)
	at org.eclipse.e4.ui.internal.workbench.swt.PartRenderingEngine.run(PartRenderingEngine.java:1018)
	at org.eclipse.e4.ui.internal.workbench.E4Workbench.createAndRunUI(E4Workbench.java:156)
	at org.eclipse.ui.internal.Workbench$5.run(Workbench.java:694)
	at org.eclipse.core.databinding.observable.Realm.runWithDefault(Realm.java:337)
	at org.eclipse.ui.internal.Workbench.createAndRunWorkbench(Workbench.java:606)
	at org.eclipse.ui.PlatformUI.createAndRunWorkbench(PlatformUI.java:150)
	at org.eclipse.ui.internal.ide.application.IDEApplication.start(IDEApplication.java:139)
	at org.eclipse.equinox.internal.app.EclipseAppHandle.run(EclipseAppHandle.java:196)
	at org.eclipse.core.runtime.internal.adaptor.EclipseAppLauncher.runApplication(EclipseAppLauncher.java:134)
	at org.eclipse.core.runtime.internal.adaptor.EclipseAppLauncher.start(EclipseAppLauncher.java:104)
	at org.eclipse.core.runtime.adaptor.EclipseStarter.run(EclipseStarter.java:380)
	at org.eclipse.core.runtime.adaptor.EclipseStarter.run(EclipseStarter.java:235)
	at sun.reflect.NativeMethodAccessorImpl.invoke0(Native Method)
	at sun.reflect.NativeMethodAccessorImpl.invoke(Unknown Source)
	at sun.reflect.DelegatingMethodAccessorImpl.invoke(Unknown Source)
	at java.lang.reflect.Method.invoke(Unknown Source)
	at org.eclipse.equinox.launcher.Main.invokeFramework(Main.java:669)
	at org.eclipse.equinox.launcher.Main.basicRun(Main.java:608)
	at org.eclipse.equinox.launcher.Main.run(Main.java:1515)
!SESSION 2016-06-18 16:36:22.722 -----------------------------------------------
eclipse.buildId=4.5.2.M20160212-1500
java.version=1.8.0_92
java.vendor=Oracle Corporation
BootLoader constants: OS=win32, ARCH=x86_64, WS=win32, NL=pt_BR
Framework arguments:  -product org.eclipse.epp.package.java.product
Command-line arguments:  -os win32 -ws win32 -arch x86_64 -product org.eclipse.epp.package.java.product

!ENTRY org.eclipse.equinox.ds 1 0 2016-06-18 16:36:53.287
!MESSAGE Could not bind a reference of component org.eclipse.fx.core.internal.JUtilLoggerFactory. The reference is: Reference[name = registerHandler, interface = java.util.logging.Handler, policy = dynamic, policy-option = greedy, cardinality = 0..n, target = null, bind = registerHandler, unbind = unregisterHandler, updated = null]

!ENTRY org.eclipse.egit.ui 2 0 2016-06-18 16:37:03.155
!MESSAGE Warning: The environment variable HOME is not set. The following directory will be used to store the Git
user global configuration and to define the default location to store repositories: 'C:\Users\mauro'. If this is
not correct please set the HOME environment variable and restart Eclipse. Otherwise Git for Windows and
EGit might behave differently since they see different configuration options.
This warning can be switched off on the Team > Git > Confirmations and Warnings preference page.

!ENTRY org.eclipse.equinox.ds 1 0 2016-06-18 16:37:23.298
!MESSAGE Could not bind a reference of component org.eclipse.fx.ide.css.cssext.ui.internal.DefaultCssExtProvider. The reference is: Reference[name = ICSSExtModelProvider, interface = org.eclipse.fx.ide.css.cssext.ICSSExtModelProvider, policy = dynamic, cardinality = 0..n, target = null, bind = bindCssExtensionModelProvider, unbind = unbindCssExtensionModelProvider]
